<?xml version="1.0" encoding="UTF-8"?>
<!-- Generated by org.testng.reporters.JUnitReportReporter -->
<testsuite hostname="DESKTOP-V86CR0I" failures="0" tests="1" name="testCase.TC001_AccountRegistrationTest" time="6.593" errors="0" timestamp="2024-10-16T12:31:19 IST" skipped="0">
  <testcase classname="testCase.TC001_AccountRegistrationTest" name="verify_account_registration" time="6.593"/>
</testsuite> <!-- testCase.TC001_AccountRegistrationTest -->
